[cli][info] Found matching plugin hls for URL http://match14.live-gems85.club/live/bein1/index.m3u8
[cli][info] Available streams: live (worst, best)
[cli][info] Opening stream: live (hls)
[cli][info] Starting player: /usr/bin/vlc
[cli][info] Player closed
[cli][info] Stream ended
[cli][info] Closing currently open stream...
[cli][info] Found matching plugin hls for URL http://match14.live-gems85.club/live/bein2/index.m3u8
[cli][info] Available streams: live (worst, best)
[cli][info] Opening stream: live (hls)
[cli][info] Starting player: /usr/bin/vlc
[cli][info] Found matching plugin hls for URL http://match12.live-gems85.club/live/bein3/index.m3u8
error: Unable to open URL: http://match12.live-gems85.club/live/bein3/index.m3u8 (404 Client Error: Not Found for url: http://match12.live-gems85.club/live/bein3/index.m3u8)
[cli][info] Found matching plugin hls for URL http://match12.live-gems85.club/live/bein4/index.m3u8
error: Unable to open URL: http://match12.live-gems85.club/live/bein4/index.m3u8 (404 Client Error: Not Found for url: http://match12.live-gems85.club/live/bein4/index.m3u8)
[cli][info] Found matching plugin hls for URL http://match14.live-gems85.club/live/max1/index.m3u8
error: Unable to open URL: http://match14.live-gems85.club/live/max1/index.m3u8 (404 Client Error: Not Found for url: http://match14.live-gems85.club/live/max1/index.m3u8)
[cli][info] Player closed
[cli][info] Stream ended
[cli][info] Closing currently open stream...
[cli][info] Found matching plugin hls for URL http://match14.live-gems85.club/live/bein1/index.m3u8
error: Unable to open URL: http://match14.live-gems85.club/live/bein1/index.m3u8 (404 Client Error: Not Found for url: http://match14.live-gems85.club/live/bein1/index.m3u8)
[cli][info] Found matching plugin hls for URL http://match14.live-gems85.club/live/bein2/index.m3u8
error: Unable to open URL: http://match14.live-gems85.club/live/bein2/index.m3u8 (404 Client Error: Not Found for url: http://match14.live-gems85.club/live/bein2/index.m3u8)
[cli][info] Found matching plugin hls for URL http://match12.live-gems85.club/live/bein3/index.m3u8
error: Unable to open URL: http://match12.live-gems85.club/live/bein3/index.m3u8 (404 Client Error: Not Found for url: http://match12.live-gems85.club/live/bein3/index.m3u8)
